Using pre-set license
Desktop is 1920 x 1080 @ 60 Hz

 COMMAND LINE ARGUMENTS:
Unity
-adb2
-batchMode
-noUpm
-name
AssetImportWorker0
-projectPath
/home/sid/Desktop/Desktop2.0/CODE/InteractiveResume
-logFile
Logs/AssetImportWorker0.log
-srvPort
34351
Successfully changed project path to: /home/sid/Desktop/Desktop2.0/CODE/InteractiveResume
/home/sid/Desktop/Desktop2.0/CODE/InteractiveResume
Using Asset Import Pipeline V2.
Refreshing native plugins compatible for Editor in 56.55 ms, found 1 plugins.
Preloading 0 native plugins for Editor in 0.00 ms.
Initialize engine version: 2020.3.0f1 (c7b5465681fb)
[Subsystems] Discovering subsystems at path /home/sid/Unity/Hub/Editor/2020.3.0f1/Editor/Data/Resources/UnitySubsystems
[Subsystems] Discovering subsystems at path /home/sid/Desktop/Desktop2.0/CODE/InteractiveResume/Assets
GLX Extensions: GLX_ARB_create_context GLX_ARB_create_context_profile GLX_ARB_create_context_robustness GLX_ARB_fbconfig_float GLX_ARB_framebuffer_sRGB GLX_ARB_get_proc_address GLX_ARB_multisample GLX_EXT_buffer_age GLX_EXT_create_context_es2_profile GLX_EXT_create_context_es_profile GLX_EXT_fbconfig_packed_float GLX_EXT_framebuffer_sRGB GLX_EXT_import_context GLX_EXT_texture_from_pixmap GLX_EXT_visual_info GLX_EXT_visual_rating GLX_INTEL_swap_event GLX_MESA_copy_sub_buffer GLX_MESA_multithread_makecurrent GLX_MESA_query_renderer GLX_MESA_swap_control GLX_OML_swap_method GLX_OML_sync_control GLX_SGIS_multisample GLX_SGIX_fbconfig GLX_SGIX_pbuffer GLX_SGIX_visual_select_group GLX_SGI_make_current_read GLX_SGI_swap_control GLX_SGI_video_sync 
Renderer: Mesa DRI Intel(R) UHD Graphics 620 (Kabylake GT2) 
Vendor:   Intel Open Source Technology Center
Version:  4.5 (Core Profile) Mesa 18.0.5
GLES:     0
 GL_3DFX_texture_compression_FXT1 GL_AMD_conservative_depth GL_AMD_draw_buffers_blend GL_AMD_seamless_cubemap_per_texture GL_AMD_shader_stencil_export GL_AMD_shader_trinary_minmax GL_AMD_vertex_shader_layer GL_AMD_vertex_shader_viewport_index GL_ANGLE_texture_compression_dxt3 GL_ANGLE_texture_compression_dxt5 GL_APPLE_object_purgeable GL_ARB_ES2_compatibility GL_ARB_ES3_1_compatibility GL_ARB_ES3_2_compatibility GL_ARB_ES3_compatibility GL_ARB_arrays_of_arrays GL_ARB_base_instance GL_ARB_blend_func_extended GL_ARB_buffer_storage GL_ARB_clear_buffer_object GL_ARB_clear_texture GL_ARB_clip_control GL_ARB_compressed_texture_pixel_storage GL_ARB_compute_shader GL_ARB_conditional_render_inverted GL_ARB_conservative_depth GL_ARB_copy_buffer GL_ARB_copy_image GL_ARB_cull_distance GL_ARB_debug_output GL_ARB_depth_buffer_float GL_ARB_depth_clamp GL_ARB_derivative_control GL_ARB_direct_state_access GL_ARB_draw_buffers GL_ARB_draw_buffers_blend GL_ARB_draw_elements_base_vertex GL_ARB_draw_indirect GL_ARB_draw_instanced
 GL_ARB_enhanced_layouts GL_ARB_explicit_attrib_location GL_ARB_explicit_uniform_location GL_ARB_fragment_coord_conventions GL_ARB_fragment_layer_viewport GL_ARB_fragment_shader GL_ARB_framebuffer_no_attachments GL_ARB_framebuffer_object GL_ARB_framebuffer_sRGB GL_ARB_get_program_binary GL_ARB_get_texture_sub_image GL_ARB_gpu_shader5 GL_ARB_gpu_shader_fp64 GL_ARB_gpu_shader_int64 GL_ARB_half_float_pixel GL_ARB_half_float_vertex GL_ARB_indirect_parameters GL_ARB_instanced_arrays GL_ARB_internalformat_query GL_ARB_internalformat_query2 GL_ARB_invalidate_subdata GL_ARB_map_buffer_alignment GL_ARB_map_buffer_range GL_ARB_multi_bind GL_ARB_multi_draw_indirect GL_ARB_occlusion_query2 GL_ARB_pipeline_statistics_query GL_ARB_pixel_buffer_object GL_ARB_point_sprite GL_ARB_polygon_offset_clamp GL_ARB_post_depth_coverage GL_ARB_program_interface_query GL_ARB_provoking_vertex GL_ARB_query_buffer_object GL_ARB_robust_buffer_access_behavior GL_ARB_robustness GL_ARB_sample_shading GL_ARB_sampler_objects GL_ARB_seamless_cub
e_map GL_ARB_seamless_cubemap_per_texture GL_ARB_separate_shader_objects GL_ARB_shader_atomic_counter_ops GL_ARB_shader_atomic_counters GL_ARB_shader_ballot GL_ARB_shader_bit_encoding GL_ARB_shader_clock GL_ARB_shader_draw_parameters GL_ARB_shader_group_vote GL_ARB_shader_image_load_store GL_ARB_shader_image_size GL_ARB_shader_objects GL_ARB_shader_precision GL_ARB_shader_stencil_export GL_ARB_shader_storage_buffer_object GL_ARB_shader_subroutine GL_ARB_shader_texture_image_samples GL_ARB_shader_texture_lod GL_ARB_shader_viewport_layer_array GL_ARB_shading_language_420pack GL_ARB_shading_language_packing GL_ARB_stencil_texturing GL_ARB_sync GL_ARB_tessellation_shader GL_ARB_texture_barrier GL_ARB_texture_buffer_object GL_ARB_texture_buffer_object_rgb32 GL_ARB_texture_buffer_range GL_ARB_texture_compression_bptc GL_ARB_texture_compression_rgtc GL_ARB_texture_cube_map_array GL_ARB_texture_filter_anisotropic GL_ARB_texture_float GL_ARB_texture_gather GL_ARB_texture_mirror_clamp_to_edge GL_ARB_texture_multisampl
e GL_ARB_texture_non_power_of_two GL_ARB_texture_query_levels GL_ARB_texture_query_lod GL_ARB_texture_rectangle GL_ARB_texture_rg GL_ARB_texture_rgb10_a2ui GL_ARB_texture_stencil8 GL_ARB_texture_storage GL_ARB_texture_storage_multisample GL_ARB_texture_swizzle GL_ARB_texture_view GL_ARB_timer_query GL_ARB_transform_feedback2 GL_ARB_transform_feedback3 GL_ARB_transform_feedback_instanced GL_ARB_transform_feedback_overflow_query GL_ARB_uniform_buffer_object GL_ARB_vertex_array_bgra GL_ARB_vertex_array_object GL_ARB_vertex_attrib_64bit GL_ARB_vertex_attrib_binding GL_ARB_vertex_shader GL_ARB_vertex_type_10f_11f_11f_rev GL_ARB_vertex_type_2_10_10_10_rev GL_ARB_viewport_array GL_ATI_blend_equation_separate GL_ATI_texture_float GL_EXT_abgr GL_EXT_blend_equation_separate GL_EXT_draw_buffers2 GL_EXT_draw_instanced GL_EXT_framebuffer_blit GL_EXT_framebuffer_multisample GL_EXT_framebuffer_multisample_blit_scaled GL_EXT_framebuffer_sRGB GL_EXT_packed_depth_stencil GL_EXT_packed_float GL_EXT_pixel_buffer_object GL_EXT_p
olygon_offset_clamp GL_EXT_provoking_vertex GL_EXT_shader_integer_mix GL_EXT_shader_samples_identical GL_EXT_texture_array GL_EXT_texture_compression_dxt1 GL_EXT_texture_compression_rgtc GL_EXT_texture_compression_s3tc GL_EXT_texture_filter_anisotropic GL_EXT_texture_integer GL_EXT_texture_sRGB GL_EXT_texture_sRGB_decode GL_EXT_texture_shared_exponent GL_EXT_texture_snorm GL_EXT_texture_swizzle GL_EXT_timer_query GL_EXT_transform_feedback GL_EXT_vertex_array_bgra GL_IBM_multimode_draw_arrays GL_INTEL_conservative_rasterization GL_INTEL_performance_query GL_KHR_blend_equation_advanced GL_KHR_blend_equation_advanced_coherent GL_KHR_context_flush_control GL_KHR_debug GL_KHR_no_error GL_KHR_robust_buffer_access_behavior GL_KHR_robustness GL_KHR_texture_compression_astc_ldr GL_KHR_texture_compression_astc_sliced_3d GL_MESA_pack_invert GL_MESA_shader_integer_functions GL_MESA_texture_signed_rgba GL_NV_conditional_render GL_NV_depth_clamp GL_NV_packed_depth_stencil GL_NV_texture_barrier GL_OES_EGL_image GL_S3_s3tc
OPENGL LOG: Creating OpenGL 4.5 graphics device ; Context level  <OpenGL 4.5> ; Context handle 1193127920
Initialize mono
Mono path[0] = '/home/sid/Unity/Hub/Editor/2020.3.0f1/Editor/Data/Managed'
Mono path[1] = '/home/sid/Unity/Hub/Editor/2020.3.0f1/Editor/Data/MonoBleedingEdge/lib/mono/unityjit'
Mono config path = '/home/sid/Unity/Hub/Editor/2020.3.0f1/Editor/Data/MonoBleedingEdge/etc'
Using monoOptions --debugger-agent=transport=dt_socket,embedding=1,server=y,suspend=n,address=127.0.0.1:56136
Begin MonoManager ReloadAssembly
Registering precompiled unity dll's ...
Register platform support module: /home/sid/Unity/Hub/Editor/2020.3.0f1/Editor/Data/PlaybackEngines/WebGLSupport/UnityEditor.WebGL.Extensions.dll
Register platform support module: /home/sid/Unity/Hub/Editor/2020.3.0f1/Editor/Data/PlaybackEngines/WindowsStandaloneSupport/UnityEditor.WindowsStandalone.Extensions.dll
Register platform support module: /home/sid/Unity/Hub/Editor/2020.3.0f1/Editor/Data/PlaybackEngines/LinuxStandaloneSupport/UnityEditor.LinuxStandalone.Extensions.dll
Registered in 0.001753 seconds.
Native extension for LinuxStandalone target not found
Native extension for WindowsStandalone target not found
Native extension for WebGL target not found
Refreshing native plugins compatible for Editor in 56.51 ms, found 1 plugins.
Preloading 0 native plugins for Editor in 0.00 ms.
Invoked RoslynAnalysisRunner static constructor.
RoslynAnalysisRunner will not be running.
RoslynAnalysisRunner has terminated.
Mono: successfully reloaded assembly
- Completed reload, in  1.376 seconds
Platform modules already initialized, skipping
Registering precompiled user dll's ...
Registered in 0.002965 seconds.
Begin MonoManager ReloadAssembly
Native extension for LinuxStandalone target not found
Native extension for WindowsStandalone target not found
Native extension for WebGL target not found
Refreshing native plugins compatible for Editor in 76.69 ms, found 1 plugins.
Preloading 0 native plugins for Editor in 0.00 ms.
Invoked RoslynAnalysisRunner static constructor.
RoslynAnalysisRunner will not be running.
RoslynAnalysisRunner has terminated.
Mono: successfully reloaded assembly
- Completed reload, in  1.853 seconds
Platform modules already initialized, skipping
========================================================================
Worker process is ready to serve import requests
Launched and connected shader compiler UnityShaderCompiler after 0.01 seconds
Refreshing native plugins compatible for Editor in 0.65 ms, found 1 plugins.
Preloading 0 native plugins for Editor in 0.00 ms.
Unloading 2485 Unused Serialized files (Serialized files now loaded: 0)
System memory in use before: 111.2 MB.
System memory in use after: 107.6 MB.

Unloading 180 unused Assets to reduce memory usage. Loaded Objects now: 2863.
Total: 8.119213 ms (FindLiveObjects: 0.364328 ms CreateObjectMapping: 0.205535 ms MarkObjects: 3.968743 ms  DeleteObjects: 3.575014 ms)

========================================================================
Received Import Request.
  path: Assets/InventoRobotics Poster.mat
  artifactKey: Guid(3e7bd9fbac800808f878f9e34f548c24) Importer(815301076,1909f56bfc062723c751e8b465ee728b)
Start importing Assets/InventoRobotics Poster.mat using Guid(3e7bd9fbac800808f878f9e34f548c24) Importer(815301076,1909f56bfc062723c751e8b465ee728b)  -> (artifact id: '0573adf1a716d2ae3076eedda5d81b2f') in 0.126570 seconds
  Import took 0.131906 seconds .

========================================================================
Received Import Request.
  Time since last request: 0.000305 seconds.
  path: Assets/georgiaTech Poster.mat
  artifactKey: Guid(64f4b3bed48ecd8afb0afb82fd153dea) Importer(815301076,1909f56bfc062723c751e8b465ee728b)
Start importing Assets/georgiaTech Poster.mat using Guid(64f4b3bed48ecd8afb0afb82fd153dea) Importer(815301076,1909f56bfc062723c751e8b465ee728b)  -> (artifact id: '9f6ccc33b3e730554faff48c7c458355') in 0.006876 seconds
  Import took 0.011811 seconds .

========================================================================
Received Import Request.
  Time since last request: 20.943562 seconds.
  path: Assets/Karting/Timelines/RaceStart.playable
  artifactKey: Guid(ef59465c823e959448bdf40fa6e69b5d) Importer(815301076,1909f56bfc062723c751e8b465ee728b)
Start importing Assets/Karting/Timelines/RaceStart.playable using Guid(ef59465c823e959448bdf40fa6e69b5d) Importer(815301076,1909f56bfc062723c751e8b465ee728b)  -> (artifact id: '8a2e759c2718202336362dcf8bb0f9f9') in 0.017950 seconds
  Import took 0.022446 seconds .

========================================================================
Received Import Request.
  Time since last request: 2.855767 seconds.
  path: Assets/Karting/Tutorials/DialogHeader_Kart.png
  artifactKey: Guid(128afd373c6f34f43bd58b7bd0815ec9) Importer(815301076,1909f56bfc062723c751e8b465ee728b)
Start importing Assets/Karting/Tutorials/DialogHeader_Kart.png using Guid(128afd373c6f34f43bd58b7bd0815ec9) Importer(815301076,1909f56bfc062723c751e8b465ee728b)  -> (artifact id: '663bdeb1c384e22b7905cd8635ed4e3a') in 0.036324 seconds
  Import took 0.040976 seconds .

========================================================================
Received Import Request.
  Time since last request: 0.000204 seconds.
  path: Assets/Karting/Tutorials/Tutorial Project Settings.asset
  artifactKey: Guid(7e7ff6d40365f43b282454f6d57a0ead) Importer(815301076,1909f56bfc062723c751e8b465ee728b)
Start importing Assets/Karting/Tutorials/Tutorial Project Settings.asset using Guid(7e7ff6d40365f43b282454f6d57a0ead) Importer(815301076,1909f56bfc062723c751e8b465ee728b)  -> (artifact id: 'f3caff3ba5ecd1fd30791ecb3094a98f') in 0.190680 seconds
  Import took 0.195042 seconds .

========================================================================
Received Prepare
Registering precompiled user dll's ...
Registered in 0.003363 seconds.
Begin MonoManager ReloadAssembly
Native extension for LinuxStandalone target not found
Native extension for WindowsStandalone target not found
Native extension for WebGL target not found
Refreshing native plugins compatible for Editor in 0.58 ms, found 1 plugins.
Preloading 0 native plugins for Editor in 0.00 ms.
Warning: Annotation not found!
UnityEngine.StackTraceUtility:ExtractStackTrace () (at /home/bokken/buildslave/unity/build/Runtime/Export/Scripting/StackTrace.cs:37)
UnityEditor.ProBuilder.EditorUtility:SetGizmoIconEnabled (System.Type,bool) (at Library/PackageCache/com.unity.probuilder@4.5.0/Editor/EditorCore/EditorUtility.cs:593)
UnityEditor.ProBuilder.HierarchyListener:.cctor () (at Library/PackageCache/com.unity.probuilder@4.5.0/Editor/EditorCore/HierarchyListener.cs:21)
System.Runtime.CompilerServices.RuntimeHelpers:RunClassConstructor (System.RuntimeTypeHandle)
UnityEditor.EditorAssemblies:ProcessInitializeOnLoadAttributes (System.Type[]) (at /home/bokken/buildslave/unity/build/Editor/Mono/EditorAssemblies.cs:114)

[Library/PackageCache/com.unity.probuilder@4.5.0/Editor/EditorCore/EditorUtility.cs line 593]

Invoked RoslynAnalysisRunner static constructor.
RoslynAnalysisRunner will not be running.
RoslynAnalysisRunner has terminated.
Mono: successfully reloaded assembly
- Completed reload, in  1.193 seconds
Platform modules already initialized, skipping
Refreshing native plugins compatible for Editor in 0.61 ms, found 1 plugins.
Preloading 0 native plugins for Editor in 0.00 ms.
Unloading 2461 Unused Serialized files (Serialized files now loaded: 0)
System memory in use before: 111.4 MB.
System memory in use after: 108.5 MB.

Unloading 74 unused Assets to reduce memory usage. Loaded Objects now: 2910.
Total: 7.160655 ms (FindLiveObjects: 0.383011 ms CreateObjectMapping: 0.140094 ms MarkObjects: 4.176372 ms  DeleteObjects: 2.456194 ms)

========================================================================
Received Prepare
Registering precompiled user dll's ...
Registered in 0.003348 seconds.
Begin MonoManager ReloadAssembly
Native extension for LinuxStandalone target not found
Native extension for WindowsStandalone target not found
Native extension for WebGL target not found
Refreshing native plugins compatible for Editor in 0.57 ms, found 1 plugins.
Preloading 0 native plugins for Editor in 0.00 ms.
Warning: Annotation not found!
UnityEngine.StackTraceUtility:ExtractStackTrace () (at /home/bokken/buildslave/unity/build/Runtime/Export/Scripting/StackTrace.cs:37)
UnityEditor.ProBuilder.EditorUtility:SetGizmoIconEnabled (System.Type,bool) (at Library/PackageCache/com.unity.probuilder@4.5.0/Editor/EditorCore/EditorUtility.cs:593)
UnityEditor.ProBuilder.HierarchyListener:.cctor () (at Library/PackageCache/com.unity.probuilder@4.5.0/Editor/EditorCore/HierarchyListener.cs:21)
System.Runtime.CompilerServices.RuntimeHelpers:RunClassConstructor (System.RuntimeTypeHandle)
UnityEditor.EditorAssemblies:ProcessInitializeOnLoadAttributes (System.Type[]) (at /home/bokken/buildslave/unity/build/Editor/Mono/EditorAssemblies.cs:114)

[Library/PackageCache/com.unity.probuilder@4.5.0/Editor/EditorCore/EditorUtility.cs line 593]

Invoked RoslynAnalysisRunner static constructor.
RoslynAnalysisRunner will not be running.
RoslynAnalysisRunner has terminated.
Mono: successfully reloaded assembly
- Completed reload, in  0.955 seconds
Platform modules already initialized, skipping
Refreshing native plugins compatible for Editor in 0.60 ms, found 1 plugins.
Preloading 0 native plugins for Editor in 0.00 ms.
Unloading 2461 Unused Serialized files (Serialized files now loaded: 0)
System memory in use before: 111.4 MB.
System memory in use after: 108.6 MB.

Unloading 74 unused Assets to reduce memory usage. Loaded Objects now: 2914.
Total: 6.567862 ms (FindLiveObjects: 0.317637 ms CreateObjectMapping: 0.160338 ms MarkObjects: 3.534669 ms  DeleteObjects: 2.550074 ms)

========================================================================
Received Import Request.
  Time since last request: 114.913386 seconds.
  path: Assets/Karting/Scenes/WinScene.unity
  artifactKey: Guid(d6801f2e59f75ee4b919cf5da4e48e3b) Importer(815301076,1909f56bfc062723c751e8b465ee728b)
Start importing Assets/Karting/Scenes/WinScene.unity using Guid(d6801f2e59f75ee4b919cf5da4e48e3b) Importer(815301076,1909f56bfc062723c751e8b465ee728b)  -> (artifact id: 'f2d5bc56b5421a718d1be2a103b24d12') in 0.004857 seconds
  Import took 0.009598 seconds .

========================================================================
Received Import Request.
  Time since last request: 6.684257 seconds.
  path: Assets/Karting/Scenes/LoseScene.unity
  artifactKey: Guid(9c449e01147824b419cda406398fb2e7) Importer(815301076,1909f56bfc062723c751e8b465ee728b)
Start importing Assets/Karting/Scenes/LoseScene.unity using Guid(9c449e01147824b419cda406398fb2e7) Importer(815301076,1909f56bfc062723c751e8b465ee728b)  -> (artifact id: '4d3c86e95c5186b7cc468db9c2542269') in 0.001687 seconds
  Import took 0.007403 seconds .

========================================================================
Received Import Request.
  Time since last request: 15.848543 seconds.
  path: Assets/Mod Assets/3DProps/SpaceProps/Asteroid.fbx
  artifactKey: Guid(738cfb63efae84af7b2446470711e751) Importer(815301076,1909f56bfc062723c751e8b465ee728b)
Start importing Assets/Mod Assets/3DProps/SpaceProps/Asteroid.fbx using Guid(738cfb63efae84af7b2446470711e751) Importer(815301076,1909f56bfc062723c751e8b465ee728b)  -> (artifact id: '416c4f0898963d4ea4f3fd7886786fbe') in 0.160475 seconds
  Import took 0.165884 seconds .

========================================================================
Received Import Request.
  Time since last request: 0.000295 seconds.
  path: Assets/Mod Assets/3DProps/SpaceProps/Rocket.fbx
  artifactKey: Guid(b698994a5dd674ee3997e51d3474a09f) Importer(815301076,1909f56bfc062723c751e8b465ee728b)
Start importing Assets/Mod Assets/3DProps/SpaceProps/Rocket.fbx using Guid(b698994a5dd674ee3997e51d3474a09f) Importer(815301076,1909f56bfc062723c751e8b465ee728b)  -> (artifact id: 'd3998b52d8187a90caba9fe35ee35bc2') in 0.029746 seconds
  Import took 0.034091 seconds .

========================================================================
Received Import Request.
  Time since last request: 0.000809 seconds.
  path: Assets/Mod Assets/3DProps/SpaceProps/SatelliteDish.fbx
  artifactKey: Guid(1b5c4d63f30c047a6b5e593599a27c13) Importer(815301076,1909f56bfc062723c751e8b465ee728b)
Start importing Assets/Mod Assets/3DProps/SpaceProps/SatelliteDish.fbx using Guid(1b5c4d63f30c047a6b5e593599a27c13) Importer(815301076,1909f56bfc062723c751e8b465ee728b)  -> (artifact id: '266c5e4a02e0441e03258a6b26c1d51a') in 0.039881 seconds
  Import took 0.046361 seconds .

========================================================================
Received Import Request.
  Time since last request: 0.000303 seconds.
  path: Assets/Mod Assets/3DProps/SpaceProps/Crystal.fbx
  artifactKey: Guid(6b2dfb46096eb400e8d5de95609e53b3) Importer(815301076,1909f56bfc062723c751e8b465ee728b)
Start importing Assets/Mod Assets/3DProps/SpaceProps/Crystal.fbx using Guid(6b2dfb46096eb400e8d5de95609e53b3) Importer(815301076,1909f56bfc062723c751e8b465ee728b)  -> (artifact id: 'b0e3984f2386652c9491dcc87a4d6cf1') in 0.027631 seconds
  Import took 0.033478 seconds .

========================================================================
Received Import Request.
  Time since last request: 3.333785 seconds.
  path: Assets/Mod Assets/3DProps/AncientProps/Archway.fbx
  artifactKey: Guid(8845e58e723a048699e6cf81997a1af0) Importer(815301076,1909f56bfc062723c751e8b465ee728b)
Start importing Assets/Mod Assets/3DProps/AncientProps/Archway.fbx using Guid(8845e58e723a048699e6cf81997a1af0) Importer(815301076,1909f56bfc062723c751e8b465ee728b)  -> (artifact id: '4360e86effc3aef9bfead9bbcead259e') in 0.025892 seconds
  Import took 0.034012 seconds .

========================================================================
Received Import Request.
  Time since last request: 0.000400 seconds.
  path: Assets/Mod Assets/3DProps/AncientProps/Obelisk.fbx
  artifactKey: Guid(b5f62aa1f09e3403baa23022a5d9e4b1) Importer(815301076,1909f56bfc062723c751e8b465ee728b)
Start importing Assets/Mod Assets/3DProps/AncientProps/Obelisk.fbx using Guid(b5f62aa1f09e3403baa23022a5d9e4b1) Importer(815301076,1909f56bfc062723c751e8b465ee728b)  -> (artifact id: '80f0ef71cc308d7c94b34c5ddf4c8846') in 0.031310 seconds
  Import took 0.038273 seconds .

========================================================================
Received Import Request.
  Time since last request: 0.000329 seconds.
  path: Assets/Mod Assets/3DProps/AncientProps/Pillar.fbx
  artifactKey: Guid(44e1bc51d0853468d8baf487909db950) Importer(815301076,1909f56bfc062723c751e8b465ee728b)
Start importing Assets/Mod Assets/3DProps/AncientProps/Pillar.fbx using Guid(44e1bc51d0853468d8baf487909db950) Importer(815301076,1909f56bfc062723c751e8b465ee728b)  -> (artifact id: 'e91372a17973222f7f1fee517f9d1a7c') in 0.028280 seconds
  Import took 0.035521 seconds .

========================================================================
Received Import Request.
  Time since last request: 0.000256 seconds.
  path: Assets/Mod Assets/3DProps/AncientProps/Pyramid.fbx
  artifactKey: Guid(855be228fb4e849aea507dabde98fbff) Importer(815301076,1909f56bfc062723c751e8b465ee728b)
Start importing Assets/Mod Assets/3DProps/AncientProps/Pyramid.fbx using Guid(855be228fb4e849aea507dabde98fbff) Importer(815301076,1909f56bfc062723c751e8b465ee728b)  -> (artifact id: '69433ad1ccb2702d7dbeba352075be01') in 0.026611 seconds
  Import took 0.035963 seconds .

========================================================================
Received Import Request.
  Time since last request: 0.000315 seconds.
  path: Assets/Mod Assets/3DProps/AncientProps/MoaiHead.fbx
  artifactKey: Guid(3ce0ea2030a24458eb9e3ec8fbae0a88) Importer(815301076,1909f56bfc062723c751e8b465ee728b)
Start importing Assets/Mod Assets/3DProps/AncientProps/MoaiHead.fbx using Guid(3ce0ea2030a24458eb9e3ec8fbae0a88) Importer(815301076,1909f56bfc062723c751e8b465ee728b)  -> (artifact id: 'b83c82709e91e8cc67c8433ceb778586') in 0.038500 seconds
  Import took 0.046446 seconds .

========================================================================
Received Import Request.
  Time since last request: 9.284717 seconds.
  path: Assets/Karting/Audio/StartSound01.wav
  artifactKey: Guid(a935550c6172c6548b1bc8de6e56618a) Importer(815301076,1909f56bfc062723c751e8b465ee728b)
Start importing Assets/Karting/Audio/StartSound01.wav using Guid(a935550c6172c6548b1bc8de6e56618a) Importer(815301076,1909f56bfc062723c751e8b465ee728b)  -> (artifact id: 'c39b7af4e35478e48051354f3caa04fa') in 0.017881 seconds
  Import took 0.024568 seconds .

========================================================================
Received Import Request.
  Time since last request: 0.326333 seconds.
  path: Assets/Karting/Audio/StartSound02.wav
  artifactKey: Guid(30a284806deffbb4691f78109d0b617b) Importer(815301076,1909f56bfc062723c751e8b465ee728b)
Start importing Assets/Karting/Audio/StartSound02.wav using Guid(30a284806deffbb4691f78109d0b617b) Importer(815301076,1909f56bfc062723c751e8b465ee728b)  -> (artifact id: '57de014997e1f216c6ac47637d658ffe') in 0.020654 seconds
  Import took 0.027423 seconds .

========================================================================
Received Import Request.
  Time since last request: 0.002569 seconds.
  path: Assets/Karting/Audio/StartSound02.wav
  artifactKey: Guid(30a284806deffbb4691f78109d0b617b) Importer(815301076,1909f56bfc062723c751e8b465ee728b)
Start importing Assets/Karting/Audio/StartSound02.wav using Guid(30a284806deffbb4691f78109d0b617b) Importer(815301076,1909f56bfc062723c751e8b465ee728b)  -> (artifact id: '57de014997e1f216c6ac47637d658ffe') in 0.010494 seconds
  Import took 0.019119 seconds .

========================================================================
Received Import Request.
  Time since last request: 140.353363 seconds.
  path: Assets/Karting/Scenes/IntroMenu.unity
  artifactKey: Guid(d29260d8d84c94bd7ac95807b3da99d4) Importer(815301076,1909f56bfc062723c751e8b465ee728b)
Start importing Assets/Karting/Scenes/IntroMenu.unity using Guid(d29260d8d84c94bd7ac95807b3da99d4) Importer(815301076,1909f56bfc062723c751e8b465ee728b)  -> (artifact id: 'cc08e7f590d7384995b8e4abfa1d17cc') in 0.002100 seconds
  Import took 0.011244 seconds .

========================================================================
Received Import Request.
  Time since last request: 0.000618 seconds.
  path: Assets/Karting/Scenes/IntroMenu.unity
  artifactKey: Guid(d29260d8d84c94bd7ac95807b3da99d4) Importer(815301076,1909f56bfc062723c751e8b465ee728b)
Start importing Assets/Karting/Scenes/IntroMenu.unity using Guid(d29260d8d84c94bd7ac95807b3da99d4) Importer(815301076,1909f56bfc062723c751e8b465ee728b)  -> (artifact id: 'cc08e7f590d7384995b8e4abfa1d17cc') in 0.001696 seconds
  Import took 0.007441 seconds .

========================================================================
Received Prepare
Registering precompiled user dll's ...
Registered in 0.006492 seconds.
Begin MonoManager ReloadAssembly
Native extension for LinuxStandalone target not found
Native extension for WindowsStandalone target not found
Native extension for WebGL target not found
Refreshing native plugins compatible for Editor in 0.57 ms, found 1 plugins.
Preloading 0 native plugins for Editor in 0.00 ms.
Warning: Annotation not found!
UnityEngine.StackTraceUtility:ExtractStackTrace () (at /home/bokken/buildslave/unity/build/Runtime/Export/Scripting/StackTrace.cs:37)
UnityEditor.ProBuilder.EditorUtility:SetGizmoIconEnabled (System.Type,bool) (at Library/PackageCache/com.unity.probuilder@4.5.0/Editor/EditorCore/EditorUtility.cs:593)
UnityEditor.ProBuilder.HierarchyListener:.cctor () (at Library/PackageCache/com.unity.probuilder@4.5.0/Editor/EditorCore/HierarchyListener.cs:21)
System.Runtime.CompilerServices.RuntimeHelpers:RunClassConstructor (System.RuntimeTypeHandle)
UnityEditor.EditorAssemblies:ProcessInitializeOnLoadAttributes (System.Type[]) (at /home/bokken/buildslave/unity/build/Editor/Mono/EditorAssemblies.cs:114)

[Library/PackageCache/com.unity.probuilder@4.5.0/Editor/EditorCore/EditorUtility.cs line 593]

Invoked RoslynAnalysisRunner static constructor.
RoslynAnalysisRunner will not be running.
RoslynAnalysisRunner has terminated.
Mono: successfully reloaded assembly
- Completed reload, in  1.544 seconds
Platform modules already initialized, skipping
Refreshing native plugins compatible for Editor in 0.58 ms, found 1 plugins.
Preloading 0 native plugins for Editor in 0.00 ms.
Unloading 2461 Unused Serialized files (Serialized files now loaded: 0)
System memory in use before: 111.8 MB.
System memory in use after: 108.9 MB.

Unloading 74 unused Assets to reduce memory usage. Loaded Objects now: 2924.
Total: 6.748725 ms (FindLiveObjects: 0.345393 ms CreateObjectMapping: 0.136232 ms MarkObjects: 3.742386 ms  DeleteObjects: 2.520525 ms)

========================================================================
Received Import Request.
  Time since last request: 6.215025 seconds.
  path: Assets/Karting/Scenes/IntroMenuSettings.lighting
  artifactKey: Guid(70eca728758bb754b9f80a18e9e7f18a) Importer(815301076,1909f56bfc062723c751e8b465ee728b)
Start importing Assets/Karting/Scenes/IntroMenuSettings.lighting using Guid(70eca728758bb754b9f80a18e9e7f18a) Importer(815301076,1909f56bfc062723c751e8b465ee728b)  -> (artifact id: '002b12eb6858f67061651032f97859e4') in 0.005867 seconds
  Import took 0.010616 seconds .

========================================================================
Received Prepare
Registering precompiled user dll's ...
Registered in 0.007124 seconds.
Begin MonoManager ReloadAssembly
Native extension for LinuxStandalone target not found
Native extension for WindowsStandalone target not found
Native extension for WebGL target not found
Refreshing native plugins compatible for Editor in 0.62 ms, found 1 plugins.
Preloading 0 native plugins for Editor in 0.00 ms.
NullReferenceException: Object reference not set to an instance of an object
  at UnityEngine.JsonUtility.FromJson[T] (System.String json) [0x00001] in /home/bokken/buildslave/unity/build/Modules/JSONSerialize/Public/JsonUtility.bindings.cs:30 
  at UnityEditor.StateCache`1[T].GetState (UnityEngine.Hash128 key, T defaultValue) [0x00067] in /home/bokken/buildslave/unity/build/Editor/Mono/Utils/StateCache.cs:88 
  at UnityEditor.Tools.OnEnable () [0x0003a] in /home/bokken/buildslave/unity/build/Editor/Mono/GUI/Tools/Tools.cs:426 
UnityEngine.ScriptableObject:CreateScriptableObjectInstanceFromType(Type, Boolean)
UnityEngine.ScriptableObject:CreateInstance(Type) (at /home/bokken/buildslave/unity/build/Runtime/Export/Scripting/ScriptableObject.bindings.cs:34)
UnityEngine.ScriptableObject:CreateInstance() (at /home/bokken/buildslave/unity/build/Runtime/Export/Scripting/ScriptableObject.bindings.cs:40)
UnityEditor.Tools:get_get() (at /home/bokken/buildslave/unity/build/Editor/Mono/GUI/Tools/Tools.cs:50)
UnityEditor.Tools:get_lockedLayers() (at /home/bokken/buildslave/unity/build/Editor/Mono/GUI/Tools/Tools.cs:408)
AutoLockUILayer:SetUILayerIsLocked(Boolean) (at Assets/Karting/Scripts/Editor/AutoLockUILayer.cs:36)
AutoLockUILayer:.cctor() (at Assets/Karting/Scripts/Editor/AutoLockUILayer.cs:16)
System.Runtime.CompilerServices.RuntimeHelpers:RunClassConstructor(IntPtr)
System.Runtime.CompilerServices.RuntimeHelpers:RunClassConstructor(RuntimeTypeHandle)
UnityEditor.EditorAssemblies:ProcessInitializeOnLoadAttributes(Type[]) (at /home/bokken/buildslave/unity/build/Editor/Mono/EditorAssemblies.cs:114)

(Filename: Assets/Karting/Scripts/Editor/AutoLockUILayer.cs Line: 36)

Warning: Annotation not found!
UnityEngine.StackTraceUtility:ExtractStackTrace () (at /home/bokken/buildslave/unity/build/Runtime/Export/Scripting/StackTrace.cs:37)
UnityEditor.ProBuilder.EditorUtility:SetGizmoIconEnabled (System.Type,bool) (at Library/PackageCache/com.unity.probuilder@4.5.0/Editor/EditorCore/EditorUtility.cs:593)
UnityEditor.ProBuilder.HierarchyListener:.cctor () (at Library/PackageCache/com.unity.probuilder@4.5.0/Editor/EditorCore/HierarchyListener.cs:21)
System.Runtime.CompilerServices.RuntimeHelpers:RunClassConstructor (System.RuntimeTypeHandle)
UnityEditor.EditorAssemblies:ProcessInitializeOnLoadAttributes (System.Type[]) (at /home/bokken/buildslave/unity/build/Editor/Mono/EditorAssemblies.cs:114)

[Library/PackageCache/com.unity.probuilder@4.5.0/Editor/EditorCore/EditorUtility.cs line 593]

Invoked RoslynAnalysisRunner static constructor.
RoslynAnalysisRunner will not be running.
RoslynAnalysisRunner has terminated.
Mono: successfully reloaded assembly
- Completed reload, in  1.367 seconds
Platform modules already initialized, skipping
Refreshing native plugins compatible for Editor in 0.99 ms, found 1 plugins.
Preloading 0 native plugins for Editor in 0.00 ms.
Unloading 2461 Unused Serialized files (Serialized files now loaded: 0)
System memory in use before: 111.8 MB.
System memory in use after: 108.9 MB.

Unloading 74 unused Assets to reduce memory usage. Loaded Objects now: 2928.
Total: 19.702001 ms (FindLiveObjects: 0.393834 ms CreateObjectMapping: 0.135814 ms MarkObjects: 14.434886 ms  DeleteObjects: 4.728369 ms)

========================================================================
Received Prepare
Registering precompiled user dll's ...
Registered in 0.005986 seconds.
Begin MonoManager ReloadAssembly
Native extension for LinuxStandalone target not found
Native extension for WindowsStandalone target not found
Native extension for WebGL target not found
Refreshing native plugins compatible for Editor in 0.56 ms, found 1 plugins.
Preloading 0 native plugins for Editor in 0.00 ms.
Warning: Annotation not found!
UnityEngine.StackTraceUtility:ExtractStackTrace () (at /home/bokken/buildslave/unity/build/Runtime/Export/Scripting/StackTrace.cs:37)
UnityEditor.ProBuilder.EditorUtility:SetGizmoIconEnabled (System.Type,bool) (at Library/PackageCache/com.unity.probuilder@4.5.0/Editor/EditorCore/EditorUtility.cs:593)
UnityEditor.ProBuilder.HierarchyListener:.cctor () (at Library/PackageCache/com.unity.probuilder@4.5.0/Editor/EditorCore/HierarchyListener.cs:21)
System.Runtime.CompilerServices.RuntimeHelpers:RunClassConstructor (System.RuntimeTypeHandle)
UnityEditor.EditorAssemblies:ProcessInitializeOnLoadAttributes (System.Type[]) (at /home/bokken/buildslave/unity/build/Editor/Mono/EditorAssemblies.cs:114)

[Library/PackageCache/com.unity.probuilder@4.5.0/Editor/EditorCore/EditorUtility.cs line 593]

Invoked RoslynAnalysisRunner static constructor.
RoslynAnalysisRunner will not be running.
RoslynAnalysisRunner has terminated.
Mono: successfully reloaded assembly
- Completed reload, in  1.296 seconds
Platform modules already initialized, skipping
Refreshing native plugins compatible for Editor in 0.58 ms, found 1 plugins.
Preloading 0 native plugins for Editor in 0.00 ms.
Unloading 2461 Unused Serialized files (Serialized files now loaded: 0)
System memory in use before: 111.7 MB.
System memory in use after: 108.8 MB.

Unloading 74 unused Assets to reduce memory usage. Loaded Objects now: 2932.
Total: 6.494884 ms (FindLiveObjects: 0.277383 ms CreateObjectMapping: 0.133612 ms MarkObjects: 3.327188 ms  DeleteObjects: 2.751752 ms)

